2026-05-15 04:27:48,530 | INFO | main | lifespan | Bank API starting up
2026-05-15 16:19:08,409 | INFO | main | lifespan | Bank API shutting down
2026-05-15 16:19:16,738 | INFO | main | lifespan | Bank API starting up
2026-05-16 05:04:45,765 | INFO | main | lifespan | Bank API shutting down
2026-05-16 05:04:54,294 | INFO | main | lifespan | Bank API starting up
2026-05-18 09:34:39,901 | INFO | main | lifespan | Bank API shutting down
2026-05-18 09:34:49,131 | INFO | main | lifespan | Bank API starting up
2026-05-18 14:55:38,739 | INFO | main | lifespan | Bank API shutting down
2026-05-18 14:55:44,492 | INFO | main | lifespan | Bank API starting up
2026-05-18 15:00:53,373 | INFO | main | lifespan | Bank API shutting down
2026-05-18 15:01:04,188 | INFO | main | lifespan | Bank API starting up
2026-05-18 15:08:17,462 | INFO | crud | create_transaction | START tx | user=6 | type=TransactionType.deposit | amount=200000.0
2026-05-18 15:08:17,564 | INFO | crud | create_transaction | SUCCESS tx | id=27
2026-05-18 15:16:27,720 | INFO | crud | create_transaction | START tx | user=6 | type=TransactionType.deposit | amount=2000000.0
2026-05-18 15:16:27,725 | INFO | crud | create_transaction | SUCCESS tx | id=28
2026-05-18 15:17:09,123 | INFO | crud | create_transaction | START tx | user=6 | type=TransactionType.withdrawal | amount=1999999.0
2026-05-18 15:17:09,129 | INFO | crud | create_transaction | SUCCESS tx | id=29
2026-05-20 11:17:28,316 | INFO | main | lifespan | Bank API starting up
2026-05-20 11:29:26,165 | INFO | crud | create_transaction | START tx | user=7 | type=TransactionType.deposit | amount=500000.0
2026-05-20 11:29:26,179 | INFO | crud | create_transaction | SUCCESS tx | id=30
2026-05-20 11:45:22,595 | INFO | crud | create_transaction | START tx | user=7 | type=TransactionType.withdrawal | amount=55000.0
2026-05-20 11:45:22,601 | INFO | crud | create_transaction | SUCCESS tx | id=31
2026-05-20 13:26:16,967 | INFO | crud | transfer_money | SUCCESS transfer
2026-05-20 20:53:20,396 | INFO | main | lifespan | Bank API shutting down
2026-05-22 21:52:03,858 | INFO | main | lifespan | Bank API starting up
2026-05-22 21:53:14,885 | INFO | crud | create_user | Password hashed successfully for firdaous
2026-05-22 21:53:15,138 | INFO | crud | create_user | User created successfully: firdaous
2026-05-22 21:59:40,378 | INFO | main | lifespan | Bank API shutting down
2026-05-22 22:01:32,188 | INFO | main | lifespan | Bank API starting up
2026-05-22 22:03:46,496 | INFO | crud | create_user | Password hashed successfully for cocomelon
2026-05-22 22:03:46,529 | INFO | crud | create_user | User created successfully: cocomelon
2026-05-22 22:04:11,144 | INFO | main | lifespan | Bank API shutting down
2026-05-23 17:23:15,931 | INFO | main | lifespan | Bank API starting up
2026-05-23 17:25:10,806 | INFO | crud | create_user | Password hashed successfully for nomba
2026-05-23 17:25:10,832 | INFO | crud | create_user | User created successfully: nomba
2026-05-23 17:33:34,462 | INFO | main | lifespan | Bank API shutting down
